\BOOKMARK [1][-]{section.1}{\376\377\000I\000n\000t\000r\000o\000d\000u\000c\000t\000i\000o\000n}{}% 1
\BOOKMARK [1][-]{section.2}{\376\377\000B\000a\000s\000i\000c\000s}{}% 2
\BOOKMARK [2][-]{subsection.2.1}{\376\377\000S\000o\000m\000e\000\040\000d\000e\000f\000i\000n\000i\000t\000i\000o\000n\000s}{section.2}% 3
\BOOKMARK [3][-]{subsubsection.2.1.1}{\376\377\000C\000o\000m\000b\000u\000s\000t\000i\000o\000n\000\040\000r\000e\000a\000c\000t\000i\000o\000n\000s}{subsection.2.1}% 4
\BOOKMARK [3][-]{subsubsection.2.1.2}{\376\377\000S\000t\000a\000t\000e\000\040\000v\000a\000r\000i\000a\000b\000l\000e\000s\000,\000\040\000i\000n\000t\000e\000n\000s\000i\000v\000i\000t\000y\000,\000\040\000a\000n\000d\000\040\000e\000x\000t\000e\000n\000s\000i\000v\000i\000t\000y}{subsection.2.1}% 5
\BOOKMARK [3][-]{subsubsection.2.1.3}{\376\377\000G\000l\000o\000b\000a\000l\000\040\000v\000a\000r\000i\000a\000b\000l\000e\000s\000,\000\040\000e\000q\000u\000i\000v\000a\000l\000e\000n\000c\000e\000\040\000r\000a\000t\000i\000o}{subsection.2.1}% 6
\BOOKMARK [2][-]{subsection.2.2}{\376\377\000T\000h\000e\000r\000m\000o\000d\000y\000n\000a\000m\000i\000c\000s\000\040\000a\000n\000d\000\040\000f\000l\000a\000m\000e\000\040\000t\000e\000m\000p\000e\000r\000a\000t\000u\000r\000e\000s}{section.2}% 7
\BOOKMARK [3][-]{subsubsection.2.2.1}{\376\377\000L\000o\000c\000a\000l\000\040\000t\000h\000e\000r\000m\000o\000d\000y\000n\000a\000m\000i\000c\000\040\000e\000q\000u\000i\000l\000i\000b\000r\000i\000u\000m\000,\000\040\000t\000h\000e\000r\000m\000o\000d\000y\000n\000a\000m\000i\000c\000\040\000s\000y\000s\000t\000e\000m\000s}{subsection.2.2}% 8
\BOOKMARK [3][-]{subsubsection.2.2.2}{\376\377\000S\000o\000m\000e\000\040\000i\000m\000p\000o\000r\000t\000a\000n\000t\000\040\000d\000e\000f\000i\000n\000i\000t\000i\000o\000n\000s}{subsection.2.2}% 9
\BOOKMARK [3][-]{subsubsection.2.2.3}{\376\377\000A\000d\000i\000a\000b\000a\000t\000i\000c\000\040\000f\000l\000a\000m\000e\000\040\000t\000e\000m\000p\000e\000r\000a\000t\000u\000r\000e}{subsection.2.2}% 10
\BOOKMARK [1][-]{section.3}{\376\377\000C\000h\000e\000m\000i\000c\000a\000l\000\040\000k\000i\000n\000e\000t\000i\000c\000s}{}% 11
\BOOKMARK [2][-]{subsection.3.1}{\376\377\000I\000n\000t\000r\000o\000d\000u\000c\000t\000i\000o\000n}{section.3}% 12
\BOOKMARK [3][-]{subsubsection.3.1.1}{\376\377\000M\000o\000l\000e\000c\000u\000l\000a\000r\000\040\000c\000o\000l\000l\000i\000s\000i\000o\000n\000s\000,\000\040\000r\000e\000a\000c\000t\000i\000o\000n\000\040\000f\000r\000e\000q\000u\000e\000n\000c\000y}{subsection.3.1}% 13
\BOOKMARK [3][-]{subsubsection.3.1.2}{\376\377\000R\000a\000t\000e\000\040\000o\000f\000\040\000r\000e\000a\000c\000t\000i\000o\000n\000s\000,\000\040\000A\000r\000r\000h\000e\000n\000i\000u\000s\000'\000\040\000l\000a\000w}{subsection.3.1}% 14
\BOOKMARK [1][-]{section.4}{\376\377\000S\000p\000o\000n\000t\000a\000n\000e\000o\000u\000s\000\040\000c\000o\000m\000b\000u\000s\000t\000i\000o\000n}{}% 15
\BOOKMARK [2][-]{subsection.4.1}{\376\377\000I\000n\000t\000r\000o\000d\000u\000c\000t\000i\000o\000n}{section.4}% 16
\BOOKMARK [2][-]{subsection.4.2}{\376\377\000S\000e\000m\000e\000n\000o\000v\000'\000s\000\040\000t\000h\000e\000o\000r\000y}{section.4}% 17
\BOOKMARK [1][-]{section.5}{\376\377\000P\000r\000e\000m\000i\000x\000e\000d\000\040\000f\000l\000a\000m\000e\000s}{}% 18
\BOOKMARK [2][-]{subsection.5.1}{\376\377\000I\000n\000t\000r\000o\000d\000u\000c\000t\000i\000o\000n}{section.5}% 19
\BOOKMARK [2][-]{subsection.5.2}{\376\377\000C\000o\000m\000b\000u\000s\000t\000i\000o\000n\000\040\000w\000a\000v\000e\000\040\000e\000q\000u\000a\000t\000i\000o\000n}{section.5}% 20
\BOOKMARK [2][-]{subsection.5.3}{\376\377\000L\000a\000m\000i\000n\000a\000r\000\040\000f\000l\000a\000m\000e\000\040\000s\000p\000e\000e\000d}{section.5}% 21
\BOOKMARK [3][-]{subsubsection.5.3.1}{\376\377\000S\000o\000m\000e\000\040\000i\000m\000p\000o\000r\000t\000a\000n\000t\000\040\000d\000i\000m\000e\000n\000s\000i\000o\000n\000l\000e\000s\000s\000\040\000n\000u\000m\000b\000e\000r\000s}{subsection.5.3}% 22
\BOOKMARK [1][-]{section.6}{\376\377\000P\000r\000e\000m\000i\000x\000e\000d\000\040\000t\000u\000r\000b\000u\000l\000e\000n\000t\000\040\000c\000o\000m\000b\000u\000s\000t\000i\000o\000n}{}% 23
\BOOKMARK [2][-]{subsection.6.1}{\376\377\000D\000a\000m\000k\000\366\000h\000l\000e\000r\000\040\000a\000n\000d\000\040\000K\000a\000r\000l\000o\000v\000i\000t\000z\000\040\000n\000u\000m\000b\000e\000r\000s}{section.6}% 24
\BOOKMARK [2][-]{subsection.6.2}{\376\377\000T\000u\000r\000b\000u\000l\000e\000n\000t\000\040\000f\000l\000a\000m\000e\000\040\000r\000e\000g\000i\000m\000e\000s}{section.6}% 25
\BOOKMARK [1][-]{section.7}{\376\377\000D\000i\000f\000f\000u\000s\000i\000o\000n\000\040\000f\000l\000a\000m\000e\000s}{}% 26
\BOOKMARK [1][-]{appendix.A}{\376\377\000E\000n\000t\000r\000o\000p\000y\000\040\000a\000n\000d\000\040\000d\000i\000s\000o\000r\000d\000e\000r}{}% 27
